<?xml version="1.0" encoding="UTF-8"?>
<!-- Generated by org.testng.reporters.JUnitXMLReporter -->
<testsuite ignored="0" hostname="DESKTOP-EMOO80V" failures="1" tests="2" name="Login DDTest2" time="148.041" errors="0" timestamp="2022-07-26T18:03:23 IST">
  <testcase classname="com.inetBanking.testCases.TC_LoginDDT_002" name="loginTest2" time="98.906"/>
  <testcase classname="com.inetBanking.testCases.TC_LoginDDT_002" name="loginTest2" time="17.248">
    <failure type="java.lang.AssertionError" message="expected [true] but found [false]">
      <![CDATA[java.lang.AssertionError: expected [true] but found [false]
at com.inetBanking.testCases.TC_LoginDDT_002.loginTest2(TC_LoginDDT_002.java:41)
at java.base/java.util.ArrayList.forEach(ArrayList.java:1511)
... Removed 31 stack frames]]>
    </failure>
  </testcase> <!-- loginTest2 -->
</testsuite> <!-- Login DDTest2 -->
