<?xml version="1.0" encoding="UTF-8"?>
<!-- Generated by org.testng.reporters.JUnitXMLReporter -->
<testsuite ignored="0" hostname="DESKTOP-EMOO80V" failures="1" tests="1" name="LoginTest1" time="141.028" errors="0" timestamp="2022-08-11T11:52:54 IST">
  <testcase classname="com.inetBanking.testCases.TC_LoginTest_001" name="loginTest" time="64.279">
    <failure type="org.openqa.selenium.UnhandledAlertException" message="unexpected alert open: {Alert text : User is not valid}
  (Session info: MicrosoftEdge=104.0.1293.47): User is not valid
Build info: version: &amp;apos;4.1.3&amp;apos;, revision: &amp;apos;7b1ebf28ef&amp;apos;
System info: host: &amp;apos;DESKTOP-EMOO80V&amp;apos;, ip: &amp;apos;192.168.188.204&amp;apos;, os.name: &amp;apos;Windows 10&amp;apos;, os.arch: &amp;apos;amd64&amp;apos;, os.version: &amp;apos;10.0&amp;apos;, java.version: &amp;apos;17.0.1&amp;apos;
Driver info: org.openqa.selenium.edge.EdgeDriver
Command: [78ef093eb42b24071cde5aadd9cc6640, getTitle {}]
Capabilities {acceptInsecureCerts: false, browserName: msedge, browserVersion: 104.0.1293.47, javascriptEnabled: true, ms:edgeOptions: {debuggerAddress: localhost:51101}, msedge: {msedgedriverVersion: 104.0.1293.47 (246533a39fec..., userDataDir: C:\Users\Dell\AppData\Local...}, networkConnectionEnabled: false, pageLoadStrategy: normal, platform: WINDOWS, platformName: WINDOWS, proxy: Proxy(), se:cdp: ws://localhost:51101/devtoo..., se:cdpVersion: 104.0.1293.47, setWindowRect: true, strictFileInteractability: false, timeouts: {implicit: 0, pageLoad: 300000, script: 30000}, unhandledPromptBehavior: dismiss and notify, webauthn:extension:credBlob: true, webauthn:extension:largeBlob: true, webauthn:virtualAuthenticators: true}
Session ID: 78ef093eb42b24071cde5aadd9cc6640">
      <![CDATA[org.openqa.selenium.UnhandledAlertException: unexpected alert open: {Alert text : User is not valid}
  (Session info: MicrosoftEdge=104.0.1293.47): User is not valid
Build info: version: '4.1.3', revision: '7b1ebf28ef'
System info: host: 'DESKTOP-EMOO80V', ip: '192.168.188.204', os.name: 'Windows 10', os.arch: 'amd64', os.version: '10.0', java.version: '17.0.1'
Driver info: org.openqa.selenium.edge.EdgeDriver
Command: [78ef093eb42b24071cde5aadd9cc6640, getTitle {}]
Capabilities {acceptInsecureCerts: false, browserName: msedge, browserVersion: 104.0.1293.47, javascriptEnabled: true, ms:edgeOptions: {debuggerAddress: localhost:51101}, msedge: {msedgedriverVersion: 104.0.1293.47 (246533a39fec..., userDataDir: C:\Users\Dell\AppData\Local...}, networkConnectionEnabled: false, pageLoadStrategy: normal, platform: WINDOWS, platformName: WINDOWS, proxy: Proxy(), se:cdp: ws://localhost:51101/devtoo..., se:cdpVersion: 104.0.1293.47, setWindowRect: true, strictFileInteractability: false, timeouts: {implicit: 0, pageLoad: 300000, script: 30000}, unhandledPromptBehavior: dismiss and notify, webauthn:extension:credBlob: true, webauthn:extension:largeBlob: true, webauthn:virtualAuthenticators: true}
Session ID: 78ef093eb42b24071cde5aadd9cc6640
at org.openqa.selenium.remote.codec.w3c.W3CHttpResponseCodec.decode(W3CHttpResponseCodec.java:131)
at org.openqa.selenium.remote.codec.w3c.W3CHttpResponseCodec.decode(W3CHttpResponseCodec.java:53)
at org.openqa.selenium.remote.HttpCommandExecutor.execute(HttpCommandExecutor.java:184)
at org.openqa.selenium.remote.service.DriverCommandExecutor.invokeExecute(DriverCommandExecutor.java:167)
at org.openqa.selenium.remote.service.DriverCommandExecutor.execute(DriverCommandExecutor.java:142)
at org.openqa.selenium.remote.RemoteWebDriver.execute(RemoteWebDriver.java:567)
at org.openqa.selenium.remote.RemoteWebDriver.execute(RemoteWebDriver.java:622)
at org.openqa.selenium.remote.RemoteWebDriver.execute(RemoteWebDriver.java:626)
at org.openqa.selenium.remote.RemoteWebDriver.getTitle(RemoteWebDriver.java:335)
at com.inetBanking.testCases.TC_LoginTest_001.loginTest(TC_LoginTest_001.java:35)
at java.base/java.util.ArrayList.forEach(ArrayList.java:1511)
... Removed 27 stack frames]]>
    </failure>
  </testcase> <!-- loginTest -->
</testsuite> <!-- LoginTest1 -->
